2014/11/24 10:45:06 INFO  - jmeter.util.JMeterUtils: Setting Locale to zh_CN 
2014/11/24 10:45:08 INFO  - jmeter.JMeter: Loading user properties from: E:\apache-jmeter-2.9\bin\user.properties 
2014/11/24 10:45:08 INFO  - jmeter.JMeter: Loading system properties from: E:\apache-jmeter-2.9\bin\system.properties 
2014/11/24 10:45:08 INFO  - jmeter.JMeter: Copyright (c) 1998-2013 The Apache Software Foundation 
2014/11/24 10:45:08 INFO  - jmeter.JMeter: Version 2.9 
2014/11/24 10:45:08 INFO  - jmeter.JMeter: java.version=1.7.0_21 
2014/11/24 10:45:08 INFO  - jmeter.JMeter: java.vm.name=Java HotSpot(TM) Client VM 
2014/11/24 10:45:08 INFO  - jmeter.JMeter: os.name=Windows 7 
2014/11/24 10:45:08 INFO  - jmeter.JMeter: os.arch=x86 
2014/11/24 10:45:08 INFO  - jmeter.JMeter: os.version=6.1 
2014/11/24 10:45:08 INFO  - jmeter.JMeter: file.encoding=GBK 
2014/11/24 10:45:08 INFO  - jmeter.JMeter: Default Locale=中文 (中国) 
2014/11/24 10:45:08 INFO  - jmeter.JMeter: JMeter  Locale=中文 (中国) 
2014/11/24 10:45:08 INFO  - jmeter.JMeter: JMeterHome=E:\apache-jmeter-2.9 
2014/11/24 10:45:08 INFO  - jmeter.JMeter: user.dir  =c:\Users\liminkang\Desktop\scp 
2014/11/24 10:45:08 INFO  - jmeter.JMeter: PWD       =C:\Users\liminkang\Desktop\scp 
2014/11/24 10:45:09 INFO  - jmeter.JMeter: IP: 10.1.168.244 Name: LIMINKANG02 FullName: LIMINKANG02.sohu-inc.com 
2014/11/24 10:45:09 INFO  - jmeter.services.FileServer: Default base='c:\Users\liminkang\Desktop\scp' 
2014/11/24 10:45:09 INFO  - jmeter.services.FileServer: Set new base='c:\users\limink~1\appdata\local\temp' 
2014/11/24 10:45:09 ERROR - jmeter.JMeter: Error in NonGUIDriver java.io.FileNotFoundException: c:\users\limink~1\appdata\local\temp\tmpuhozmn (另一个程序正在使用此文件，进程无法访问。)
	at java.io.FileInputStream.open(Native Method)
	at java.io.FileInputStream.<init>(Unknown Source)
	at org.apache.jmeter.JMeter.runNonGui(JMeter.java:738)
	at org.apache.jmeter.JMeter.startNonGui(JMeter.java:724)
	at org.apache.jmeter.JMeter.start(JMeter.java:388)
	at sun.reflect.NativeMethodAccessorImpl.invoke0(Native Method)
	at sun.reflect.NativeMethodAccessorImpl.invoke(Unknown Source)
	at sun.reflect.DelegatingMethodAccessorImpl.invoke(Unknown Source)
	at java.lang.reflect.Method.invoke(Unknown Source)
	at org.apache.jmeter.NewDriver.main(NewDriver.java:218)

