2014/09/18 19:45:34 INFO  - jmeter.util.JMeterUtils: Setting Locale to zh_CN 
2014/09/18 19:45:34 INFO  - jmeter.JMeter: Loading user properties from: /usr/local/Cellar/jmeter/2.11/libexec/bin/user.properties 
2014/09/18 19:45:34 INFO  - jmeter.JMeter: Loading system properties from: /usr/local/Cellar/jmeter/2.11/libexec/bin/system.properties 
2014/09/18 19:45:34 INFO  - jmeter.JMeter: Copyright (c) 1998-2014 The Apache Software Foundation 
2014/09/18 19:45:34 INFO  - jmeter.JMeter: Version 2.11 r1554548 
2014/09/18 19:45:34 INFO  - jmeter.JMeter: java.version=1.8.0_05 
2014/09/18 19:45:34 INFO  - jmeter.JMeter: java.vm.name=Java HotSpot(TM) 64-Bit Server VM 
2014/09/18 19:45:34 INFO  - jmeter.JMeter: os.name=Mac OS X 
2014/09/18 19:45:34 INFO  - jmeter.JMeter: os.arch=x86_64 
2014/09/18 19:45:34 INFO  - jmeter.JMeter: os.version=10.9.4 
2014/09/18 19:45:34 INFO  - jmeter.JMeter: file.encoding=UTF-8 
2014/09/18 19:45:34 INFO  - jmeter.JMeter: Default Locale=中文 (中国) 
2014/09/18 19:45:34 INFO  - jmeter.JMeter: JMeter  Locale=中文 (中国) 
2014/09/18 19:45:34 INFO  - jmeter.JMeter: JMeterHome=/usr/local/Cellar/jmeter/2.11/libexec 
2014/09/18 19:45:34 INFO  - jmeter.JMeter: user.dir  =/Users/harry/ws/scp 
2014/09/18 19:45:34 INFO  - jmeter.JMeter: PWD       =/Users/harry/ws/scp 
2014/09/18 19:45:34 INFO  - jmeter.JMeter: IP: 10.1.72.178 Name: xMac.local FullName: 10.1.72.178 
2014/09/18 19:45:34 INFO  - jmeter.services.FileServer: Default base='/Users/harry/ws/scp' 
2014/09/18 19:45:34 INFO  - jmeter.services.FileServer: Set new base='/var/folders/tf/ydb0dhc118b809bx7h38f6bc0000gn/T' 
2014/09/18 19:45:34 INFO  - jmeter.JMeter: Loading file: /var/folders/tf/ydb0dhc118b809bx7h38f6bc0000gn/T/tmp7HGEHV 
2014/09/18 19:45:35 INFO  - jmeter.save.SaveService: Testplan (JMX) version: 2.2. Testlog (JTL) version: 2.2 
2014/09/18 19:45:35 INFO  - jmeter.save.SaveService: Using SaveService properties file encoding UTF-8 
2014/09/18 19:45:35 INFO  - jmeter.save.SaveService: Using SaveService properties version 2.6 
2014/09/18 19:45:35 INFO  - jmeter.save.SaveService: Using SaveService properties file version 1554411 
2014/09/18 19:45:35 INFO  - jmeter.save.SaveService: All converter versions present and correct 
2014/09/18 19:45:35 INFO  - jmeter.protocol.http.sampler.HTTPSamplerBase: Cannot find .className property for htmlParser, using default 
2014/09/18 19:45:35 INFO  - jmeter.protocol.http.sampler.HTTPSamplerBase: Parser for text/html is  
2014/09/18 19:45:35 INFO  - jmeter.protocol.http.sampler.HTTPSamplerBase: Parser for application/xhtml+xml is  
2014/09/18 19:45:35 INFO  - jmeter.protocol.http.sampler.HTTPSamplerBase: Parser for application/xml is  
2014/09/18 19:45:35 INFO  - jmeter.protocol.http.sampler.HTTPSamplerBase: Parser for text/xml is  
2014/09/18 19:45:35 INFO  - jmeter.protocol.http.sampler.HTTPSamplerBase: Parser for text/vnd.wap.wml is org.apache.jmeter.protocol.http.parser.RegexpHTMLParser 
2014/09/18 19:45:35 INFO  - jmeter.JMeter: Creating summariser <summary> 
2014/09/18 19:45:35 INFO  - jmeter.engine.StandardJMeterEngine: Listeners will be started after enabling running version 
2014/09/18 19:45:35 INFO  - jmeter.engine.StandardJMeterEngine: To revert to the earlier behaviour, define jmeterengine.startlistenerslater=false 
2014/09/18 19:45:35 INFO  - jmeter.engine.StandardJMeterEngine: Running the test! 
2014/09/18 19:45:35 INFO  - jmeter.samplers.SampleEvent: List of sample_variables: [] 
2014/09/18 19:45:35 INFO  - jmeter.samplers.SampleEvent: List of sample_variables: [] 
2014/09/18 19:45:35 INFO  - jmeter.engine.util.CompoundVariable: Note: Function class names must contain the string: '.functions.' 
2014/09/18 19:45:35 INFO  - jmeter.engine.util.CompoundVariable: Note: Function class names must not contain the string: '.gui.' 
2014/09/18 19:45:35 INFO  - jmeter.JMeter: 正在运行的测试 (1411040735318) 
2014/09/18 19:45:35 INFO  - jmeter.engine.StandardJMeterEngine: Starting ThreadGroup: 1 : 线程组 
2014/09/18 19:45:35 INFO  - jmeter.engine.StandardJMeterEngine: Starting 1 threads for group 线程组. 
2014/09/18 19:45:35 INFO  - jmeter.engine.StandardJMeterEngine: Thread will continue on error 
2014/09/18 19:45:35 INFO  - jmeter.threads.ThreadGroup: Starting thread group number 1 threads 1 ramp-up 1 perThread 1000.0 delayedStart=false 
2014/09/18 19:45:35 INFO  - jmeter.threads.JMeterThread: jmeterthread.startearlier=true (see jmeter.properties) 
2014/09/18 19:45:35 INFO  - jmeter.threads.JMeterThread: Running PostProcessors in forward order 
2014/09/18 19:45:35 INFO  - jmeter.threads.ThreadGroup: Started thread group number 1 
2014/09/18 19:45:35 INFO  - jmeter.engine.StandardJMeterEngine: All thread groups have been started 
2014/09/18 19:45:35 INFO  - jmeter.threads.JMeterThread: Thread started: 线程组 1-1 
2014/09/18 19:45:35 INFO  - jmeter.protocol.http.sampler.HTTPHCAbstractImpl: Local host = xMac.local 
2014/09/18 19:45:35 INFO  - jmeter.protocol.http.sampler.HTTPHC4Impl: HTTP request retry count = 0 
2014/09/18 19:45:35 INFO  - jmeter.protocol.http.sampler.HTTPHC4Impl: Setting up HTTPS TrustAll scheme 
2014/09/18 19:45:35 INFO  - jmeter.util.JsseSSLManager: Using default SSL protocol: TLS 
2014/09/18 19:45:35 INFO  - jmeter.util.JsseSSLManager: SSL session context: per-thread 
2014/09/18 19:45:35 INFO  - jmeter.samplers.SampleResult: Note: Sample TimeStamps are START times 
2014/09/18 19:45:35 INFO  - jmeter.samplers.SampleResult: sampleresult.default.encoding is set to ISO-8859-1 
2014/09/18 19:45:35 INFO  - jmeter.samplers.SampleResult: sampleresult.useNanoTime=true 
2014/09/18 19:45:35 INFO  - jmeter.samplers.SampleResult: sampleresult.nanoThreadSleep=5000 
2014/09/18 19:45:36 INFO  - jmeter.threads.JMeterThread: Thread finished: 线程组 1-1 
2014/09/18 19:45:36 INFO  - jmeter.engine.StandardJMeterEngine: Notifying test listeners of end of test 
2014/09/18 19:45:36 INFO  - jmeter.reporters.Summariser: summary =      1 in     1s =    1.2/s Avg:   852 Min:   852 Max:   852 Err:     0 (0.00%) 
2014/09/18 19:45:36 INFO  - jmeter.reporters.Summariser: 生成概要结果 =      1 in     1s =    1.2/s Avg:   852 Min:   852 Max:   852 Err:     0 (0.00%) 
